<?xml version="1.0" encoding="UTF-8"?>
<!-- Generated by org.testng.reporters.JUnitReportReporter -->
<testsuite hostname="DESKTOP-T0O76BR" failures="0" tests="1" name="Qkart_2.Testing" time="3.230" errors="0" timestamp="2024-03-05T22:10:27 IST" skipped="0">
  <testcase classname="Qkart_2.Testing" name="test" time="3.230"/>
</testsuite> <!-- Qkart_2.Testing -->
